[16:54:02] [ServerMain/INFO]: [bootstrap] Running Java 21 (OpenJDK 64-Bit Server VM 21.0.8+9-Ubuntu-0ubuntu124.04.1; Ubuntu null) on Linux 6.8.0-1030-azure (amd64)
[16:54:02] [ServerMain/INFO]: [bootstrap] Loading Paper 1.21.8-6-main@782ce95 (2025-07-18T20:26:58Z) for Minecraft 1.21.8
[16:54:03] [ServerMain/INFO]: [PluginInitializerManager] Initializing plugins...
[16:54:03] [ServerMain/INFO]: [PluginInitializerManager] Initialized 0 plugins
[16:54:04] [Paper Plugin Remapper Thread - 1/INFO]: [ReobfServer] Remapping server...
[16:54:26] [Paper Plugin Remapper Thread - 1/INFO]: [ReobfServer] Done remapping server in 21635ms.
[16:54:26] [ServerMain/INFO]: Environment: Environment[sessionHost=https://sessionserver.mojang.com, servicesHost=https://api.minecraftservices.com, name=PROD]
[16:54:30] [ServerMain/INFO]: Loaded 1407 recipes
[16:54:30] [ServerMain/INFO]: Loaded 1520 advancements
[16:54:30] [ServerMain/INFO]: [ca.spottedleaf.dataconverter.minecraft.datatypes.MCTypeRegistry] Initialising converters for DataConverter...
[16:54:31] [ServerMain/INFO]: [ca.spottedleaf.dataconverter.minecraft.datatypes.MCTypeRegistry] Finished initialising converters for DataConverter in 860.8ms
[16:54:31] [Server thread/INFO]: Starting minecraft server version 1.21.8
[16:54:31] [Server thread/INFO]: Loading properties
[16:54:31] [Server thread/INFO]: This server is running Paper version 1.21.8-6-main@782ce95 (2025-07-18T20:26:58Z) (Implementing API version 1.21.8-R0.1-SNAPSHOT)
[16:54:31] [Server thread/INFO]: [spark] This server bundles the spark profiler. For more information please visit https://docs.papermc.io/paper/profiling
[16:54:32] [Server thread/INFO]: Server Ping Player Sample Count: 12
[16:54:32] [Server thread/INFO]: Using 4 threads for Netty based IO
[16:54:33] [Server thread/INFO]: [MoonriseCommon] Paper is using 1 worker threads, 1 I/O threads
[16:54:33] [Server thread/INFO]: [ChunkTaskScheduler] Chunk system is using population gen parallelism: true
[16:54:34] [Server thread/INFO]: Default game type: SURVIVAL
[16:54:34] [Server thread/INFO]: Generating keypair
[16:54:35] [Server thread/INFO]: Starting Minecraft server on *:25565
[16:54:35] [Server thread/INFO]: Using epoll channel type
[16:54:36] [Server thread/INFO]: Paper: Using libdeflate (Linux x86_64) compression from Velocity.
[16:54:36] [Server thread/INFO]: Paper: Using OpenSSL 3.x.x (Linux x86_64) cipher from Velocity.
[16:54:36] [Server thread/WARN]: **** SERVER IS RUNNING IN OFFLINE/INSECURE MODE!
[16:54:36] [Server thread/WARN]: The server will make no attempt to authenticate usernames. Beware.
[16:54:36] [Server thread/WARN]: While this makes the game possible to play without internet access, it also opens up the ability for hackers to connect with any username they choose.
[16:54:36] [Server thread/WARN]: To change this, set "online-mode" to "true" in the server.properties file.
[16:54:36] [Server thread/INFO]: Preparing level "world"
[16:54:43] [Server thread/INFO]: Preparing start region for dimension minecraft:overworld
[16:54:44] [Server thread/INFO]: Preparing spawn area: 0%
[16:54:44] [Server thread/INFO]: Preparing spawn area: 2%
[16:54:45] [Server thread/INFO]: Preparing spawn area: 95%
[16:54:45] [Server thread/INFO]: Time elapsed: 1336 ms
[16:54:45] [Server thread/INFO]: Preparing start region for dimension minecraft:the_nether
[16:54:45] [Server thread/INFO]: Preparing spawn area: 2%
[16:54:45] [Server thread/INFO]: Preparing spawn area: 2%
[16:54:46] [Server thread/INFO]: Preparing spawn area: 2%
[16:54:46] [Server thread/INFO]: Preparing spawn area: 2%
[16:54:47] [Server thread/INFO]: Preparing spawn area: 2%
[16:54:47] [Server thread/INFO]: Preparing spawn area: 10%
[16:54:48] [Server thread/INFO]: Preparing spawn area: 16%
[16:54:48] [Server thread/INFO]: Preparing spawn area: 18%
[16:54:49] [Server thread/INFO]: Preparing spawn area: 18%
[16:54:49] [Server thread/INFO]: Preparing spawn area: 18%
[16:54:50] [Server thread/INFO]: Preparing spawn area: 18%
[16:54:50] [Server thread/INFO]: Preparing spawn area: 18%
[16:54:51] [Server thread/INFO]: Preparing spawn area: 18%
[16:54:51] [Server thread/INFO]: Preparing spawn area: 28%
[16:54:52] [Server thread/INFO]: Preparing spawn area: 48%
[16:54:52] [Server thread/INFO]: Preparing spawn area: 51%
[16:54:53] [Server thread/INFO]: Preparing spawn area: 51%
[16:54:53] [Server thread/INFO]: Preparing spawn area: 51%
[16:54:54] [Server thread/INFO]: Preparing spawn area: 53%
[16:54:54] [Server thread/INFO]: Preparing spawn area: 61%
[16:54:55] [Server thread/INFO]: Preparing spawn area: 79%
[16:54:55] [Server thread/INFO]: Preparing spawn area: 87%
[16:54:55] [Server thread/INFO]: Time elapsed: 10592 ms
[16:54:55] [Server thread/INFO]: Preparing start region for dimension minecraft:the_end
[16:54:55] [Server thread/INFO]: Preparing spawn area: 2%
[16:54:56] [Server thread/INFO]: Preparing spawn area: 2%
[16:54:56] [Server thread/INFO]: Preparing spawn area: 18%
[16:54:57] [Server thread/INFO]: Preparing spawn area: 38%
[16:54:57] [Server thread/INFO]: Preparing spawn area: 69%
[16:54:57] [Server thread/INFO]: Time elapsed: 2154 ms
[16:54:58] [Server thread/INFO]: [spark] Starting background profiler...
[16:54:58] [Server thread/INFO]: Done preparing level "world" (22.625s)
[16:54:58] [Server thread/INFO]: Running delayed init tasks
[16:54:58] [Server thread/INFO]: Done (58.864s)! For help, type "help"
[16:54:58] [Server thread/INFO]: *************************************************************************************
[16:54:58] [Server thread/INFO]: This is the first time you're starting this server.
[16:54:58] [Server thread/INFO]: It's recommended you read our 'Getting Started' documentation for guidance.
[16:54:58] [Server thread/INFO]: View this and more helpful information here: https://docs.papermc.io/paper/next-steps
[16:54:58] [Server thread/INFO]: *************************************************************************************
[16:55:46] [User Authenticator #0/INFO]: UUID of player SebasyTU_ is 77a390da-81bb-3a9a-83b6-98e9f9115325
[16:55:47] [Server thread/INFO]: SebasyTU_ joined the game
[16:55:47] [Server thread/INFO]: SebasyTU_[/127.2.53.214:36641] logged in with entity id 36 at ([world]31.738014858946627, 70.0, 932.983453117498)
[16:56:06] [User Authenticator #0/INFO]: UUID of player zSxhio is 1c890bda-bbf3-31c2-91aa-0cfd556c5635
[16:56:06] [Server thread/INFO]: zSxhio joined the game
[16:56:06] [Server thread/INFO]: zSxhio[/127.34.225.252:46193] logged in with entity id 344 at ([world]25.23580197989883, 69.33088254276429, 944.1789129359603)
[16:56:16] [User Authenticator #0/INFO]: UUID of player Davidby2007 is a3e1127d-039b-36c2-bfca-bcc1abca5a2e
[16:56:16] [Server thread/INFO]: Davidby2007 (/127.153.111.46:51857) lost connection: Disconnected
[16:56:18] [User Authenticator #0/INFO]: UUID of player Davidby2007 is a3e1127d-039b-36c2-bfca-bcc1abca5a2e
[16:56:19] [Server thread/INFO]: Davidby2007 joined the game
[16:56:20] [Server thread/INFO]: Davidby2007[/127.153.111.46:45089] logged in with entity id 406 at ([world]-1434.3110629085438, 72.0, -768.1814442124459)
[16:57:10] [Server thread/INFO]: SebasyTU_ issued server command: /pl
[16:58:18] [Server thread/INFO]: Stopping the server
[16:58:19] [Server thread/INFO]: Stopping server
[16:58:19] [Server thread/INFO]: Saving players
[16:58:19] [Server thread/INFO]: SebasyTU_ lost connection: Server closed
[16:58:19] [Server thread/INFO]: SebasyTU_ left the game
[16:58:19] [Server thread/INFO]: zSxhio lost connection: Server closed
[16:58:19] [Server thread/INFO]: zSxhio left the game
[16:58:19] [Server thread/INFO]: Davidby2007 lost connection: Server closed
[16:58:19] [Server thread/INFO]: Davidby2007 left the game
[16:58:19] [Server thread/INFO]: Saving worlds
[16:58:19] [Server thread/INFO]: Saving chunks for level 'ServerLevel[world]'/minecraft:overworld
[16:58:19] [Server thread/INFO]: [ChunkHolderManager] Waiting 60s for chunk system to halt for world 'world'
[16:58:19] [Server thread/INFO]: [ChunkHolderManager] Halted chunk system for world 'world'
[16:58:19] [Server thread/INFO]: [ChunkHolderManager] Saving all chunkholders for world 'world'
[16:58:26] [Server thread/INFO]: [ChunkHolderManager] Saved 1846 block chunks, 1846 entity chunks, 1 poi chunks in world 'world' in 7.23s
[16:58:26] [Server thread/INFO]: [ChunkHolderManager] Waiting 60s for chunk I/O to halt for world 'world'
[16:58:26] [Server thread/INFO]: [ChunkHolderManager] Halted I/O scheduler for world 'world'
[16:58:26] [Server thread/INFO]: Saving chunks for level 'ServerLevel[world_nether]'/minecraft:the_nether
[16:58:26] [Server thread/INFO]: [ChunkHolderManager] Waiting 60s for chunk system to halt for world 'world_nether'
[16:58:26] [Server thread/INFO]: [ChunkHolderManager] Halted chunk system for world 'world_nether'
[16:58:26] [Server thread/INFO]: [ChunkHolderManager] Saving all chunkholders for world 'world_nether'
[16:58:27] [Server thread/INFO]: [ChunkHolderManager] Saved 841 block chunks, 49 entity chunks, 0 poi chunks in world 'world_nether' in 0.58s
[16:58:27] [Server thread/INFO]: [ChunkHolderManager] Waiting 60s for chunk I/O to halt for world 'world_nether'
[16:58:27] [Server thread/INFO]: [ChunkHolderManager] Halted I/O scheduler for world 'world_nether'
[16:58:27] [Server thread/INFO]: Saving chunks for level 'ServerLevel[world_the_end]'/minecraft:the_end
[16:58:27] [Server thread/INFO]: [ChunkHolderManager] Waiting 60s for chunk system to halt for world 'world_the_end'
[16:58:27] [Server thread/INFO]: [ChunkHolderManager] Halted chunk system for world 'world_the_end'
[16:58:27] [Server thread/INFO]: [ChunkHolderManager] Saving all chunkholders for world 'world_the_end'
[16:58:27] [Server thread/INFO]: [ChunkHolderManager] Saved 841 block chunks, 49 entity chunks, 0 poi chunks in world 'world_the_end' in 0.51s
[16:58:27] [Server thread/INFO]: [ChunkHolderManager] Waiting 60s for chunk I/O to halt for world 'world_the_end'
[16:58:27] [Server thread/INFO]: [ChunkHolderManager] Halted I/O scheduler for world 'world_the_end'
[16:58:27] [Server thread/INFO]: ThreadedAnvilChunkStorage (world): All chunks are saved
[16:58:27] [Server thread/INFO]: ThreadedAnvilChunkStorage (DIM-1): All chunks are saved
[16:58:27] [Server thread/INFO]: ThreadedAnvilChunkStorage (DIM1): All chunks are saved
[16:58:27] [Server thread/INFO]: ThreadedAnvilChunkStorage: All dimensions are saved
[16:58:27] [Server thread/INFO]: Waiting for all RegionFile I/O tasks to complete...
[16:58:27] [Server thread/INFO]: All RegionFile I/O tasks to complete
[16:58:27] [Server thread/INFO]: [MoonriseCommon] Awaiting termination of worker pool for up to 60s...
[16:58:27] [Server thread/INFO]: [MoonriseCommon] Awaiting termination of I/O pool for up to 60s...
